<?xml version='1.0' encoding='UTF-8'?>
<testsuite hostname="cloud122" name="io.projectglow.vcf.VCFDatasourceSuite" tests="44" errors="0" failures="0" skipped="0" time="3.559" timestamp="2023-11-03T13:38:05">
                     <properties>
      <property name="jline.esc.timeout" value="0"/><property name="jna.platform.library.path" value="/usr/lib/x86_64-linux-gnu:/lib/x86_64-linux-gnu:/lib64:/usr/lib:/lib:/usr/lib/x86_64-linux-gnu/libfakeroot"/><property name="java.runtime.name" value="Java(TM) SE Runtime Environment"/><property name="sun.boot.library.path" value="/usr/lib/jvm/jdk1.8.0_211/jre/lib/amd64"/><property name="java.vm.version" value="25.211-b12"/><property name="java.vm.vendor" value="Oracle Corporation"/><property name="java.vendor.url" value="http://java.oracle.com/"/><property name="path.separator" value=":"/><property name="jna.loaded" value="true"/><property name="java.vm.name" value="Java HotSpot(TM) 64-Bit Server VM"/><property name="file.encoding.pkg" value="sun.io"/><property name="user.country" value="US"/><property name="sun.java.launcher" value="SUN_STANDARD"/><property name="sun.os.patch.level" value="unknown"/><property name="jna.nosys" value="true"/><property name="java.vm.specification.name" value="Java Virtual Machine Specification"/><property name="user.dir" value="/home/gsd/gyosa/glow"/><property name="java.runtime.version" value="1.8.0_211-b12"/><property name="java.awt.graphicsenv" value="sun.awt.X11GraphicsEnvironment"/><property name="java.endorsed.dirs" value="/usr/lib/jvm/jdk1.8.0_211/jre/lib/endorsed"/><property name="os.arch" value="amd64"/><property name="java.io.tmpdir" value="/tmp"/><property name="line.separator" value="
"/><property name="java.vm.specification.vendor" value="Oracle Corporation"/><property name="java.util.logging.manager" value="wvlet.log.AirframeLogManager"/><property name="log4j.ignoreTCL" value="true"/><property name="os.name" value="Linux"/><property name="sun.jnu.encoding" value="ISO-8859-1"/><property name="jnidispatch.path" value="/tmp/jna-102648/jna1976320173356081238.tmp"/><property name="java.library.path" value="/usr/java/packages/lib/amd64:/usr/lib64:/lib64:/lib:/usr/lib"/><property name="java.specification.name" value="Java Platform API Specification"/><property name="java.class.version" value="52.0"/><property name="sun.management.compiler" value="HotSpot 64-Bit Tiered Compilers"/><property name="os.version" value="4.15.0-202-generic"/><property name="swoval.tmpdir" value="/home/gsd/.sbt/1.0"/><property name="user.home" value="/home/gsd"/><property name="user.timezone" value="Europe/Lisbon"/><property name="java.awt.printerjob" value="sun.print.PSPrinterJob"/><property name="file.encoding" value="UTF-8"/><property name="java.specification.version" value="1.8"/><property name="java.class.path" value="/home/gsd/.cache/sbt/boot/sbt-launch/1.8.2/sbt-launch-1.8.2.jar"/><property name="user.name" value="gsd"/><property name="jline.shutdownhook" value="false"/><property name="java.vm.specification.version" value="1.8"/><property name="sun.java.command" value="/home/gsd/.cache/sbt/boot/sbt-launch/1.8.2/sbt-launch-1.8.2.jar"/><property name="java.home" value="/usr/lib/jvm/jdk1.8.0_211/jre"/><property name="sun.arch.data.model" value="64"/><property name="user.language" value="en"/><property name="java.specification.vendor" value="Oracle Corporation"/><property name="awt.toolkit" value="sun.awt.X11.XToolkit"/><property name="java.vm.info" value="mixed mode"/><property name="java.version" value="1.8.0_211"/><property name="java.ext.dirs" value="/usr/lib/jvm/jdk1.8.0_211/jre/lib/ext:/usr/java/packages/lib/ext"/><property name="sun.boot.class.path" value="/usr/lib/jvm/jdk1.8.0_211/jre/lib/resources.jar:/usr/lib/jvm/jdk1.8.0_211/jre/lib/rt.jar:/usr/lib/jvm/jdk1.8.0_211/jre/lib/sunrsasign.jar:/usr/lib/jvm/jdk1.8.0_211/jre/lib/jsse.jar:/usr/lib/jvm/jdk1.8.0_211/jre/lib/jce.jar:/usr/lib/jvm/jdk1.8.0_211/jre/lib/charsets.jar:/usr/lib/jvm/jdk1.8.0_211/jre/lib/jfr.jar:/usr/lib/jvm/jdk1.8.0_211/jre/classes"/><property name="java.vendor" value="Oracle Corporation"/><property name="file.separator" value="/"/><property name="java.vendor.url.bug" value="http://bugreport.sun.com/bugreport/"/><property name="sun.io.unicode.encoding" value="UnicodeLittle"/><property name="sun.cpu.endian" value="little"/><property name="sbt.script" value="/usr/bin/sbt"/><property name="sun.cpu.isalist" value=""/>
    </properties>
                     <testcase classname="io.projectglow.vcf.VCFDatasourceSuite" name="default schema" time="0.098">
                                                 
                                               </testcase><testcase classname="io.projectglow.vcf.VCFDatasourceSuite" name="parse VCF" time="0.066">
                                                 
                                               </testcase><testcase classname="io.projectglow.vcf.VCFDatasourceSuite" name="no sample ids" time="0.036">
                                                 
                                               </testcase><testcase classname="io.projectglow.vcf.VCFDatasourceSuite" name="with sample ids" time="0.099">
                                                 
                                               </testcase><testcase classname="io.projectglow.vcf.VCFDatasourceSuite" name="check parsed row" time="0.129">
                                                 
                                               </testcase><testcase classname="io.projectglow.vcf.VCFDatasourceSuite" name="multiple genotype fields" time="0.07">
                                                 
                                               </testcase><testcase classname="io.projectglow.vcf.VCFDatasourceSuite" name="filter with and without pushdown returns same results" time="0.417">
                                                 
                                               </testcase><testcase classname="io.projectglow.vcf.VCFDatasourceSuite" name="uncalled genotype" time="0.058">
                                                 
                                               </testcase><testcase classname="io.projectglow.vcf.VCFDatasourceSuite" name="uncalled diploid genotype" time="0.05">
                                                 
                                               </testcase><testcase classname="io.projectglow.vcf.VCFDatasourceSuite" name="phased genotype" time="0.053">
                                                 
                                               </testcase><testcase classname="io.projectglow.vcf.VCFDatasourceSuite" name="unphased genotype" time="0.053">
                                                 
                                               </testcase><testcase classname="io.projectglow.vcf.VCFDatasourceSuite" name="info field flags" time="0.05">
                                                 
                                               </testcase><testcase classname="io.projectglow.vcf.VCFDatasourceSuite" name="missing info values" time="0.096">
                                                 
                                               </testcase><testcase classname="io.projectglow.vcf.VCFDatasourceSuite" name="missing format values" time="0.066">
                                                 
                                               </testcase><testcase classname="io.projectglow.vcf.VCFDatasourceSuite" name="dropped trailing format values" time="0.054">
                                                 
                                               </testcase><testcase classname="io.projectglow.vcf.VCFDatasourceSuite" name="missing GT format field" time="0.089">
                                                 
                                               </testcase><testcase classname="io.projectglow.vcf.VCFDatasourceSuite" name="missing calls are -1 (zero present" time="0.055">
                                                 
                                               </testcase><testcase classname="io.projectglow.vcf.VCFDatasourceSuite" name="missing calls are -1 (only one present)" time="0.117">
                                                 
                                               </testcase><testcase classname="io.projectglow.vcf.VCFDatasourceSuite" name="set END field" time="0.047">
                                                 
                                               </testcase><testcase classname="io.projectglow.vcf.VCFDatasourceSuite" name="3" time="0.056">
                                                 
                                               </testcase><testcase classname="io.projectglow.vcf.VCFDatasourceSuite" name="splitToBiallelic option error message" time="0.034">
                                                 
                                               </testcase><testcase classname="io.projectglow.vcf.VCFDatasourceSuite" name="strict validation stringency" time="0.061">
                                                 
                                               </testcase><testcase classname="io.projectglow.vcf.VCFDatasourceSuite" name="validation stringency (format fields)" time="0.196">
                                                 
                                               </testcase><testcase classname="io.projectglow.vcf.VCFDatasourceSuite" name="invalid validation stringency" time="0.002">
                                                 
                                               </testcase><testcase classname="io.projectglow.vcf.VCFDatasourceSuite" name="check parsed row with flattened INFO fields" time="0.122">
                                                 
                                               </testcase><testcase classname="io.projectglow.vcf.VCFDatasourceSuite" name="flattened INFO fields schema does not include END key" time="0.033">
                                                 
                                               </testcase><testcase classname="io.projectglow.vcf.VCFDatasourceSuite" name="flattened INFO fields schema merged for multiple files" time="0.034">
                                                 
                                               </testcase><testcase classname="io.projectglow.vcf.VCFDatasourceSuite" name="prune a flattened INFO field" time="0.075">
                                                 
                                               </testcase><testcase classname="io.projectglow.vcf.VCFDatasourceSuite" name="parse string INFO fields" time="0.056">
                                                 
                                               </testcase><testcase classname="io.projectglow.vcf.VCFDatasourceSuite" name="partitioned file without all of header" time="0.01">
                                                 
                                               </testcase><testcase classname="io.projectglow.vcf.VCFDatasourceSuite" name="gzip splits are only read if they contain the beginning of the file" time="0.53">
                                                 
                                               </testcase><testcase classname="io.projectglow.vcf.VCFDatasourceSuite" name="misnumbered fields" time="0.053">
                                                 
                                               </testcase><testcase classname="io.projectglow.vcf.VCFDatasourceSuite" name="multiple rows" time="0.072">
                                                 
                                               </testcase><testcase classname="io.projectglow.vcf.VCFDatasourceSuite" name="infer non standard format fields" time="0.1">
                                                 
                                               </testcase><testcase classname="io.projectglow.vcf.VCFDatasourceSuite" name="be permissive if schema includes fields that can't be derived from VCF" time="0.044">
                                                 
                                               </testcase><testcase classname="io.projectglow.vcf.VCFDatasourceSuite" name="add BGZ codec when reading VCF" time="0.001">
                                                 
                                               </testcase><testcase classname="io.projectglow.vcf.VCFDatasourceSuite" name="uncompressed files are splitable" time="0.0">
                                                 
                                               </testcase><testcase classname="io.projectglow.vcf.VCFDatasourceSuite" name="Tolerate lower-case nan's" time="0.055">
                                                 
                                               </testcase><testcase classname="io.projectglow.vcf.VCFDatasourceSuite" name="Parse VEP" time="0.081">
                                                 
                                               </testcase><testcase classname="io.projectglow.vcf.VCFDatasourceSuite" name="Parse SnpEff" time="0.072">
                                                 
                                               </testcase><testcase classname="io.projectglow.vcf.VCFDatasourceSuite" name="Do not break when reading index file" time="0.032">
                                                 
                                               </testcase><testcase classname="io.projectglow.vcf.VCFDatasourceSuite" name="Do not break when reading directory with index files" time="0.059">
                                                 
                                               </testcase><testcase classname="io.projectglow.vcf.VCFDatasourceSuite" name="Do not break when reading VCFs with contig lines missing length" time="0.029">
                                                 
                                               </testcase><testcase classname="io.projectglow.vcf.VCFDatasourceSuite" name="prune genotype fields" time="0.049">
                                                 
                                               </testcase>
                     <system-out><![CDATA[]]></system-out>
                     <system-err><![CDATA[]]></system-err>
                   </testsuite>