<?xml version='1.0' encoding='UTF-8'?>
<testsuite hostname="cloud122" name="io.projectglow.tertiary.LinearRegressionSuite" tests="11" errors="0" failures="0" skipped="0" time="0.601" timestamp="2023-11-03T13:36:28">
                     <properties>
      <property name="jline.esc.timeout" value="0"/><property name="jna.platform.library.path" value="/usr/lib/x86_64-linux-gnu:/lib/x86_64-linux-gnu:/lib64:/usr/lib:/lib:/usr/lib/x86_64-linux-gnu/libfakeroot"/><property name="java.runtime.name" value="Java(TM) SE Runtime Environment"/><property name="sun.boot.library.path" value="/usr/lib/jvm/jdk1.8.0_211/jre/lib/amd64"/><property name="java.vm.version" value="25.211-b12"/><property name="java.vm.vendor" value="Oracle Corporation"/><property name="java.vendor.url" value="http://java.oracle.com/"/><property name="path.separator" value=":"/><property name="jna.loaded" value="true"/><property name="java.vm.name" value="Java HotSpot(TM) 64-Bit Server VM"/><property name="file.encoding.pkg" value="sun.io"/><property name="user.country" value="US"/><property name="sun.java.launcher" value="SUN_STANDARD"/><property name="sun.os.patch.level" value="unknown"/><property name="jna.nosys" value="true"/><property name="java.vm.specification.name" value="Java Virtual Machine Specification"/><property name="user.dir" value="/home/gsd/gyosa/glow"/><property name="java.runtime.version" value="1.8.0_211-b12"/><property name="java.awt.graphicsenv" value="sun.awt.X11GraphicsEnvironment"/><property name="java.endorsed.dirs" value="/usr/lib/jvm/jdk1.8.0_211/jre/lib/endorsed"/><property name="os.arch" value="amd64"/><property name="java.io.tmpdir" value="/tmp"/><property name="line.separator" value="
"/><property name="java.vm.specification.vendor" value="Oracle Corporation"/><property name="java.util.logging.manager" value="wvlet.log.AirframeLogManager"/><property name="log4j.ignoreTCL" value="true"/><property name="os.name" value="Linux"/><property name="sun.jnu.encoding" value="ISO-8859-1"/><property name="jnidispatch.path" value="/tmp/jna-102648/jna1976320173356081238.tmp"/><property name="java.library.path" value="/usr/java/packages/lib/amd64:/usr/lib64:/lib64:/lib:/usr/lib"/><property name="java.specification.name" value="Java Platform API Specification"/><property name="java.class.version" value="52.0"/><property name="sun.management.compiler" value="HotSpot 64-Bit Tiered Compilers"/><property name="os.version" value="4.15.0-202-generic"/><property name="swoval.tmpdir" value="/home/gsd/.sbt/1.0"/><property name="user.home" value="/home/gsd"/><property name="user.timezone" value="Europe/Lisbon"/><property name="java.awt.printerjob" value="sun.print.PSPrinterJob"/><property name="file.encoding" value="UTF-8"/><property name="java.specification.version" value="1.8"/><property name="java.class.path" value="/home/gsd/.cache/sbt/boot/sbt-launch/1.8.2/sbt-launch-1.8.2.jar"/><property name="user.name" value="gsd"/><property name="jline.shutdownhook" value="false"/><property name="java.vm.specification.version" value="1.8"/><property name="sun.java.command" value="/home/gsd/.cache/sbt/boot/sbt-launch/1.8.2/sbt-launch-1.8.2.jar"/><property name="java.home" value="/usr/lib/jvm/jdk1.8.0_211/jre"/><property name="sun.arch.data.model" value="64"/><property name="user.language" value="en"/><property name="java.specification.vendor" value="Oracle Corporation"/><property name="awt.toolkit" value="sun.awt.X11.XToolkit"/><property name="java.vm.info" value="mixed mode"/><property name="java.version" value="1.8.0_211"/><property name="java.ext.dirs" value="/usr/lib/jvm/jdk1.8.0_211/jre/lib/ext:/usr/java/packages/lib/ext"/><property name="sun.boot.class.path" value="/usr/lib/jvm/jdk1.8.0_211/jre/lib/resources.jar:/usr/lib/jvm/jdk1.8.0_211/jre/lib/rt.jar:/usr/lib/jvm/jdk1.8.0_211/jre/lib/sunrsasign.jar:/usr/lib/jvm/jdk1.8.0_211/jre/lib/jsse.jar:/usr/lib/jvm/jdk1.8.0_211/jre/lib/jce.jar:/usr/lib/jvm/jdk1.8.0_211/jre/lib/charsets.jar:/usr/lib/jvm/jdk1.8.0_211/jre/lib/jfr.jar:/usr/lib/jvm/jdk1.8.0_211/jre/classes"/><property name="java.vendor" value="Oracle Corporation"/><property name="file.separator" value="/"/><property name="java.vendor.url.bug" value="http://bugreport.sun.com/bugreport/"/><property name="sun.io.unicode.encoding" value="UnicodeLittle"/><property name="sun.cpu.endian" value="little"/><property name="sbt.script" value="/usr/bin/sbt"/><property name="sun.cpu.isalist" value=""/>
    </properties>
                     <testcase classname="io.projectglow.tertiary.LinearRegressionSuite" name="against R glm" time="0.07">
                                                 
                                               </testcase><testcase classname="io.projectglow.tertiary.LinearRegressionSuite" name="against R glm (Apache OLS)" time="0.015">
                                                 
                                               </testcase><testcase classname="io.projectglow.tertiary.LinearRegressionSuite" name="intercept only, 1 site" time="0.003">
                                                 
                                               </testcase><testcase classname="io.projectglow.tertiary.LinearRegressionSuite" name="intercept only, many sites" time="0.017">
                                                 
                                               </testcase><testcase classname="io.projectglow.tertiary.LinearRegressionSuite" name="many covariates, many sites" time="0.049">
                                                 
                                               </testcase><testcase classname="io.projectglow.tertiary.LinearRegressionSuite" name="many covariates, many sites, with spark" time="0.271">
                                                 
                                               </testcase><testcase classname="io.projectglow.tertiary.LinearRegressionSuite" name="multiple phenotypes" time="0.07">
                                                 
                                               </testcase><testcase classname="io.projectglow.tertiary.LinearRegressionSuite" name="large or NaN p value if genotypes are in covariate span" time="0.007">
                                                 
                                               </testcase><testcase classname="io.projectglow.tertiary.LinearRegressionSuite" name="throws exception if more covariates than samples" time="0.055">
                                                 
                                               </testcase><testcase classname="io.projectglow.tertiary.LinearRegressionSuite" name="throws exception if number of genotypes and phenotypes do not match" time="0.023">
                                                 
                                               </testcase><testcase classname="io.projectglow.tertiary.LinearRegressionSuite" name="throws exception if number of samples does not match between genotypes and covariates" time="0.021">
                                                 
                                               </testcase>
                     <system-out><![CDATA[]]></system-out>
                     <system-err><![CDATA[]]></system-err>
                   </testsuite>