<?xml version='1.0' encoding='UTF-8'?>
<testsuite hostname="cloud122" name="io.projectglow.gff.GffReaderSuite" tests="16" errors="0" failures="0" skipped="0" time="2.113" timestamp="2023-11-03T13:37:51">
                     <properties>
      <property name="jline.esc.timeout" value="0"/><property name="jna.platform.library.path" value="/usr/lib/x86_64-linux-gnu:/lib/x86_64-linux-gnu:/lib64:/usr/lib:/lib:/usr/lib/x86_64-linux-gnu/libfakeroot"/><property name="java.runtime.name" value="Java(TM) SE Runtime Environment"/><property name="sun.boot.library.path" value="/usr/lib/jvm/jdk1.8.0_211/jre/lib/amd64"/><property name="java.vm.version" value="25.211-b12"/><property name="java.vm.vendor" value="Oracle Corporation"/><property name="java.vendor.url" value="http://java.oracle.com/"/><property name="path.separator" value=":"/><property name="jna.loaded" value="true"/><property name="java.vm.name" value="Java HotSpot(TM) 64-Bit Server VM"/><property name="file.encoding.pkg" value="sun.io"/><property name="user.country" value="US"/><property name="sun.java.launcher" value="SUN_STANDARD"/><property name="sun.os.patch.level" value="unknown"/><property name="jna.nosys" value="true"/><property name="java.vm.specification.name" value="Java Virtual Machine Specification"/><property name="user.dir" value="/home/gsd/gyosa/glow"/><property name="java.runtime.version" value="1.8.0_211-b12"/><property name="java.awt.graphicsenv" value="sun.awt.X11GraphicsEnvironment"/><property name="java.endorsed.dirs" value="/usr/lib/jvm/jdk1.8.0_211/jre/lib/endorsed"/><property name="os.arch" value="amd64"/><property name="java.io.tmpdir" value="/tmp"/><property name="line.separator" value="
"/><property name="java.vm.specification.vendor" value="Oracle Corporation"/><property name="java.util.logging.manager" value="wvlet.log.AirframeLogManager"/><property name="log4j.ignoreTCL" value="true"/><property name="os.name" value="Linux"/><property name="sun.jnu.encoding" value="ISO-8859-1"/><property name="jnidispatch.path" value="/tmp/jna-102648/jna1976320173356081238.tmp"/><property name="java.library.path" value="/usr/java/packages/lib/amd64:/usr/lib64:/lib64:/lib:/usr/lib"/><property name="java.specification.name" value="Java Platform API Specification"/><property name="java.class.version" value="52.0"/><property name="sun.management.compiler" value="HotSpot 64-Bit Tiered Compilers"/><property name="os.version" value="4.15.0-202-generic"/><property name="swoval.tmpdir" value="/home/gsd/.sbt/1.0"/><property name="user.home" value="/home/gsd"/><property name="user.timezone" value="Europe/Lisbon"/><property name="java.awt.printerjob" value="sun.print.PSPrinterJob"/><property name="file.encoding" value="UTF-8"/><property name="java.specification.version" value="1.8"/><property name="java.class.path" value="/home/gsd/.cache/sbt/boot/sbt-launch/1.8.2/sbt-launch-1.8.2.jar"/><property name="user.name" value="gsd"/><property name="jline.shutdownhook" value="false"/><property name="java.vm.specification.version" value="1.8"/><property name="sun.java.command" value="/home/gsd/.cache/sbt/boot/sbt-launch/1.8.2/sbt-launch-1.8.2.jar"/><property name="java.home" value="/usr/lib/jvm/jdk1.8.0_211/jre"/><property name="sun.arch.data.model" value="64"/><property name="user.language" value="en"/><property name="java.specification.vendor" value="Oracle Corporation"/><property name="awt.toolkit" value="sun.awt.X11.XToolkit"/><property name="java.vm.info" value="mixed mode"/><property name="java.version" value="1.8.0_211"/><property name="java.ext.dirs" value="/usr/lib/jvm/jdk1.8.0_211/jre/lib/ext:/usr/java/packages/lib/ext"/><property name="sun.boot.class.path" value="/usr/lib/jvm/jdk1.8.0_211/jre/lib/resources.jar:/usr/lib/jvm/jdk1.8.0_211/jre/lib/rt.jar:/usr/lib/jvm/jdk1.8.0_211/jre/lib/sunrsasign.jar:/usr/lib/jvm/jdk1.8.0_211/jre/lib/jsse.jar:/usr/lib/jvm/jdk1.8.0_211/jre/lib/jce.jar:/usr/lib/jvm/jdk1.8.0_211/jre/lib/charsets.jar:/usr/lib/jvm/jdk1.8.0_211/jre/lib/jfr.jar:/usr/lib/jvm/jdk1.8.0_211/jre/classes"/><property name="java.vendor" value="Oracle Corporation"/><property name="file.separator" value="/"/><property name="java.vendor.url.bug" value="http://bugreport.sun.com/bugreport/"/><property name="sun.io.unicode.encoding" value="UnicodeLittle"/><property name="sun.cpu.endian" value="little"/><property name="sbt.script" value="/usr/bin/sbt"/><property name="sun.cpu.isalist" value=""/>
    </properties>
                     <testcase classname="io.projectglow.gff.GffReaderSuite" name="gff)" time="0.082">
                                                 
                                               </testcase><testcase classname="io.projectglow.gff.GffReaderSuite" name="gff)" time="0.055">
                                                 
                                               </testcase><testcase classname="io.projectglow.gff.GffReaderSuite" name="Case-and-underscore-insensitive attribute column names in user-specified schema (StructType(StructField(seqId,StringType,true),StructField(source,StringType,true),StructField(type,StringType,true),StructField(start,LongType,true),StructField(end,LongType,true),StructField(score,DoubleType,true),StructField(strand,StringType,true),StructField(phase,IntegerType,true),StructField(attributes,StringType,true),StructField(dbxref,ArrayType(StringType,true),true),StructField(iscircular,BooleanType,true)))" time="0.118">
                                                 
                                               </testcase><testcase classname="io.projectglow.gff.GffReaderSuite" name="Case-and-underscore-insensitive attribute column names in user-specified schema (StructType(StructField(seqId,StringType,true),StructField(source,StringType,true),StructField(type,StringType,true),StructField(start,LongType,true),StructField(end,LongType,true),StructField(score,DoubleType,true),StructField(strand,StringType,true),StructField(phase,IntegerType,true),StructField(attributes,StringType,true),StructField(Dbxref,ArrayType(StringType,true),true),StructField(isCircular,BooleanType,true)))" time="0.06">
                                                 
                                               </testcase><testcase classname="io.projectglow.gff.GffReaderSuite" name="Case-and-underscore-insensitive attribute column names in user-specified schema (StructType(StructField(seqId,StringType,true),StructField(source,StringType,true),StructField(type,StringType,true),StructField(start,LongType,true),StructField(end,LongType,true),StructField(score,DoubleType,true),StructField(strand,StringType,true),StructField(phase,IntegerType,true),StructField(attributes,StringType,true),StructField(dbx_Ref,ArrayType(StringType,true),true),StructField(is_Circular,BooleanType,true)))" time="0.059">
                                                 
                                               </testcase><testcase classname="io.projectglow.gff.GffReaderSuite" name="Read gff with user-specified schema containing attributesField" time="0.134">
                                                 
                                               </testcase><testcase classname="io.projectglow.gff.GffReaderSuite" name="Read gff with user-specified schema containing nonexistent column" time="0.094">
                                                 
                                               </testcase><testcase classname="io.projectglow.gff.GffReaderSuite" name="gff)" time="0.179">
                                                 
                                               </testcase><testcase classname="io.projectglow.gff.GffReaderSuite" name="gz)" time="0.155">
                                                 
                                               </testcase><testcase classname="io.projectglow.gff.GffReaderSuite" name="bgz)" time="0.141">
                                                 
                                               </testcase><testcase classname="io.projectglow.gff.GffReaderSuite" name="gz)" time="0.141">
                                                 
                                               </testcase><testcase classname="io.projectglow.gff.GffReaderSuite" name="Column pruning" time="0.167">
                                                 
                                               </testcase><testcase classname="io.projectglow.gff.GffReaderSuite" name="count" time="0.313">
                                                 
                                               </testcase><testcase classname="io.projectglow.gff.GffReaderSuite" name="Read gff glob" time="0.231">
                                                 
                                               </testcase><testcase classname="io.projectglow.gff.GffReaderSuite" name="Read empty gff" time="0.137">
                                                 
                                               </testcase><testcase classname="io.projectglow.gff.GffReaderSuite" name="GFF file format does not support writing" time="0.047">
                                                 
                                               </testcase>
                     <system-out><![CDATA[]]></system-out>
                     <system-err><![CDATA[]]></system-err>
                   </testsuite>