<?xml version='1.0' encoding='UTF-8'?>
<testsuite hostname="cloud122" name="io.projectglow.bgen.BgenReaderSuite" tests="31" errors="0" failures="0" skipped="0" time="8.392" timestamp="2023-11-03T13:36:21">
                     <properties>
      <property name="jline.esc.timeout" value="0"/><property name="jna.platform.library.path" value="/usr/lib/x86_64-linux-gnu:/lib/x86_64-linux-gnu:/lib64:/usr/lib:/lib:/usr/lib/x86_64-linux-gnu/libfakeroot"/><property name="java.runtime.name" value="Java(TM) SE Runtime Environment"/><property name="sun.boot.library.path" value="/usr/lib/jvm/jdk1.8.0_211/jre/lib/amd64"/><property name="java.vm.version" value="25.211-b12"/><property name="java.vm.vendor" value="Oracle Corporation"/><property name="java.vendor.url" value="http://java.oracle.com/"/><property name="path.separator" value=":"/><property name="jna.loaded" value="true"/><property name="java.vm.name" value="Java HotSpot(TM) 64-Bit Server VM"/><property name="file.encoding.pkg" value="sun.io"/><property name="user.country" value="US"/><property name="sun.java.launcher" value="SUN_STANDARD"/><property name="sun.os.patch.level" value="unknown"/><property name="jna.nosys" value="true"/><property name="java.vm.specification.name" value="Java Virtual Machine Specification"/><property name="user.dir" value="/home/gsd/gyosa/glow"/><property name="java.runtime.version" value="1.8.0_211-b12"/><property name="java.awt.graphicsenv" value="sun.awt.X11GraphicsEnvironment"/><property name="java.endorsed.dirs" value="/usr/lib/jvm/jdk1.8.0_211/jre/lib/endorsed"/><property name="os.arch" value="amd64"/><property name="java.io.tmpdir" value="/tmp"/><property name="line.separator" value="
"/><property name="java.vm.specification.vendor" value="Oracle Corporation"/><property name="java.util.logging.manager" value="wvlet.log.AirframeLogManager"/><property name="log4j.ignoreTCL" value="true"/><property name="os.name" value="Linux"/><property name="sun.jnu.encoding" value="ISO-8859-1"/><property name="jnidispatch.path" value="/tmp/jna-102648/jna1976320173356081238.tmp"/><property name="java.library.path" value="/usr/java/packages/lib/amd64:/usr/lib64:/lib64:/lib:/usr/lib"/><property name="java.specification.name" value="Java Platform API Specification"/><property name="java.class.version" value="52.0"/><property name="sun.management.compiler" value="HotSpot 64-Bit Tiered Compilers"/><property name="os.version" value="4.15.0-202-generic"/><property name="swoval.tmpdir" value="/home/gsd/.sbt/1.0"/><property name="user.home" value="/home/gsd"/><property name="user.timezone" value="Europe/Lisbon"/><property name="java.awt.printerjob" value="sun.print.PSPrinterJob"/><property name="file.encoding" value="UTF-8"/><property name="java.specification.version" value="1.8"/><property name="java.class.path" value="/home/gsd/.cache/sbt/boot/sbt-launch/1.8.2/sbt-launch-1.8.2.jar"/><property name="user.name" value="gsd"/><property name="jline.shutdownhook" value="false"/><property name="java.vm.specification.version" value="1.8"/><property name="sun.java.command" value="/home/gsd/.cache/sbt/boot/sbt-launch/1.8.2/sbt-launch-1.8.2.jar"/><property name="java.home" value="/usr/lib/jvm/jdk1.8.0_211/jre"/><property name="sun.arch.data.model" value="64"/><property name="user.language" value="en"/><property name="java.specification.vendor" value="Oracle Corporation"/><property name="awt.toolkit" value="sun.awt.X11.XToolkit"/><property name="java.vm.info" value="mixed mode"/><property name="java.version" value="1.8.0_211"/><property name="java.ext.dirs" value="/usr/lib/jvm/jdk1.8.0_211/jre/lib/ext:/usr/java/packages/lib/ext"/><property name="sun.boot.class.path" value="/usr/lib/jvm/jdk1.8.0_211/jre/lib/resources.jar:/usr/lib/jvm/jdk1.8.0_211/jre/lib/rt.jar:/usr/lib/jvm/jdk1.8.0_211/jre/lib/sunrsasign.jar:/usr/lib/jvm/jdk1.8.0_211/jre/lib/jsse.jar:/usr/lib/jvm/jdk1.8.0_211/jre/lib/jce.jar:/usr/lib/jvm/jdk1.8.0_211/jre/lib/charsets.jar:/usr/lib/jvm/jdk1.8.0_211/jre/lib/jfr.jar:/usr/lib/jvm/jdk1.8.0_211/jre/classes"/><property name="java.vendor" value="Oracle Corporation"/><property name="file.separator" value="/"/><property name="java.vendor.url.bug" value="http://bugreport.sun.com/bugreport/"/><property name="sun.io.unicode.encoding" value="UnicodeLittle"/><property name="sun.cpu.endian" value="little"/><property name="sbt.script" value="/usr/bin/sbt"/><property name="sun.cpu.isalist" value=""/>
    </properties>
                     <testcase classname="io.projectglow.bgen.BgenReaderSuite" name="unphased 8 bit" time="0.894">
                                                 
                                               </testcase><testcase classname="io.projectglow.bgen.BgenReaderSuite" name="unphased 16 bit (with missing samples)" time="0.624">
                                                 
                                               </testcase><testcase classname="io.projectglow.bgen.BgenReaderSuite" name="unphased 32 bit" time="0.623">
                                                 
                                               </testcase><testcase classname="io.projectglow.bgen.BgenReaderSuite" name="phased" time="0.156">
                                                 
                                               </testcase><testcase classname="io.projectglow.bgen.BgenReaderSuite" name="complex 16 bit" time="0.188">
                                                 
                                               </testcase><testcase classname="io.projectglow.bgen.BgenReaderSuite" name="skip entire file" time="0.004">
                                                 
                                               </testcase><testcase classname="io.projectglow.bgen.BgenReaderSuite" name="skip to last record" time="0.001">
                                                 
                                               </testcase><testcase classname="io.projectglow.bgen.BgenReaderSuite" name="read with spark" time="0.452">
                                                 
                                               </testcase><testcase classname="io.projectglow.bgen.BgenReaderSuite" name="read with spark (no index)" time="0.36">
                                                 
                                               </testcase><testcase classname="io.projectglow.bgen.BgenReaderSuite" name="read only certain fields" time="0.103">
                                                 
                                               </testcase><testcase classname="io.projectglow.bgen.BgenReaderSuite" name="be permissive if schema includes fields that can't be derived from BGEN" time="0.07">
                                                 
                                               </testcase><testcase classname="io.projectglow.bgen.BgenReaderSuite" name="sample file is provided" time="0.065">
                                                 
                                               </testcase><testcase classname="io.projectglow.bgen.BgenReaderSuite" name="Sample IDs present if no sample column provided but matches default" time="0.068">
                                                 
                                               </testcase><testcase classname="io.projectglow.bgen.BgenReaderSuite" name="sample file" time="0.004">
                                                 
                                               </testcase><testcase classname="io.projectglow.bgen.BgenReaderSuite" name="sample file if no samples in bgen file" time="0.059">
                                                 
                                               </testcase><testcase classname="io.projectglow.bgen.BgenReaderSuite" name="Throws if wrong provided column name" time="0.004">
                                                 
                                               </testcase><testcase classname="io.projectglow.bgen.BgenReaderSuite" name="Sample IDs present using provided column name" time="0.06">
                                                 
                                               </testcase><testcase classname="io.projectglow.bgen.BgenReaderSuite" name="Throws if default sample column doesn't match" time="0.004">
                                                 
                                               </testcase><testcase classname="io.projectglow.bgen.BgenReaderSuite" name="Skip non-bgen files" time="0.183">
                                                 
                                               </testcase><testcase classname="io.projectglow.bgen.BgenReaderSuite" name="schema does not include sample id field if there are no ids" time="0.036">
                                                 
                                               </testcase><testcase classname="io.projectglow.bgen.BgenReaderSuite" name="schema includes sample id if at least one file has ids" time="0.052">
                                                 
                                               </testcase><testcase classname="io.projectglow.bgen.BgenReaderSuite" name="schema includes sample id if sample id file is provided" time="0.013">
                                                 
                                               </testcase><testcase classname="io.projectglow.bgen.BgenReaderSuite" name="schema does not include sample ids if `includeSampleIds` is false" time="0.018">
                                                 
                                               </testcase><testcase classname="io.projectglow.bgen.BgenReaderSuite" name="schema does not include calls if `emitHardCalls` is false" time="0.037">
                                                 
                                               </testcase><testcase classname="io.projectglow.bgen.BgenReaderSuite" name="read zstd compressed file" time="0.598">
                                                 
                                               </testcase><testcase classname="io.projectglow.bgen.BgenReaderSuite" name="read uncompressed file" time="0.684">
                                                 
                                               </testcase><testcase classname="io.projectglow.bgen.BgenReaderSuite" name="9)" time="1.024">
                                                 
                                               </testcase><testcase classname="io.projectglow.bgen.BgenReaderSuite" name="9" time="0.62">
                                                 
                                               </testcase><testcase classname="io.projectglow.bgen.BgenReaderSuite" name="95" time="0.601">
                                                 
                                               </testcase><testcase classname="io.projectglow.bgen.BgenReaderSuite" name="hard call with phased" time="0.344">
                                                 
                                               </testcase><testcase classname="io.projectglow.bgen.BgenReaderSuite" name="mixed phased and ploidy" time="0.443">
                                                 
                                               </testcase>
                     <system-out><![CDATA[]]></system-out>
                     <system-err><![CDATA[]]></system-err>
                   </testsuite>