<?xml version='1.0' encoding='UTF-8'?>
<testsuite hostname="cloud122" name="io.projectglow.tertiary.VariantUtilExprsSuite" tests="56" errors="0" failures="0" skipped="0" time="1.364" timestamp="2023-11-03T13:36:27">
                     <properties>
      <property name="jline.esc.timeout" value="0"/><property name="jna.platform.library.path" value="/usr/lib/x86_64-linux-gnu:/lib/x86_64-linux-gnu:/lib64:/usr/lib:/lib:/usr/lib/x86_64-linux-gnu/libfakeroot"/><property name="java.runtime.name" value="Java(TM) SE Runtime Environment"/><property name="sun.boot.library.path" value="/usr/lib/jvm/jdk1.8.0_211/jre/lib/amd64"/><property name="java.vm.version" value="25.211-b12"/><property name="java.vm.vendor" value="Oracle Corporation"/><property name="java.vendor.url" value="http://java.oracle.com/"/><property name="path.separator" value=":"/><property name="jna.loaded" value="true"/><property name="java.vm.name" value="Java HotSpot(TM) 64-Bit Server VM"/><property name="file.encoding.pkg" value="sun.io"/><property name="user.country" value="US"/><property name="sun.java.launcher" value="SUN_STANDARD"/><property name="sun.os.patch.level" value="unknown"/><property name="jna.nosys" value="true"/><property name="java.vm.specification.name" value="Java Virtual Machine Specification"/><property name="user.dir" value="/home/gsd/gyosa/glow"/><property name="java.runtime.version" value="1.8.0_211-b12"/><property name="java.awt.graphicsenv" value="sun.awt.X11GraphicsEnvironment"/><property name="java.endorsed.dirs" value="/usr/lib/jvm/jdk1.8.0_211/jre/lib/endorsed"/><property name="os.arch" value="amd64"/><property name="java.io.tmpdir" value="/tmp"/><property name="line.separator" value="
"/><property name="java.vm.specification.vendor" value="Oracle Corporation"/><property name="java.util.logging.manager" value="wvlet.log.AirframeLogManager"/><property name="log4j.ignoreTCL" value="true"/><property name="os.name" value="Linux"/><property name="sun.jnu.encoding" value="ISO-8859-1"/><property name="jnidispatch.path" value="/tmp/jna-102648/jna1976320173356081238.tmp"/><property name="java.library.path" value="/usr/java/packages/lib/amd64:/usr/lib64:/lib64:/lib:/usr/lib"/><property name="java.specification.name" value="Java Platform API Specification"/><property name="java.class.version" value="52.0"/><property name="sun.management.compiler" value="HotSpot 64-Bit Tiered Compilers"/><property name="os.version" value="4.15.0-202-generic"/><property name="swoval.tmpdir" value="/home/gsd/.sbt/1.0"/><property name="user.home" value="/home/gsd"/><property name="user.timezone" value="Europe/Lisbon"/><property name="java.awt.printerjob" value="sun.print.PSPrinterJob"/><property name="file.encoding" value="UTF-8"/><property name="java.specification.version" value="1.8"/><property name="java.class.path" value="/home/gsd/.cache/sbt/boot/sbt-launch/1.8.2/sbt-launch-1.8.2.jar"/><property name="user.name" value="gsd"/><property name="jline.shutdownhook" value="false"/><property name="java.vm.specification.version" value="1.8"/><property name="sun.java.command" value="/home/gsd/.cache/sbt/boot/sbt-launch/1.8.2/sbt-launch-1.8.2.jar"/><property name="java.home" value="/usr/lib/jvm/jdk1.8.0_211/jre"/><property name="sun.arch.data.model" value="64"/><property name="user.language" value="en"/><property name="java.specification.vendor" value="Oracle Corporation"/><property name="awt.toolkit" value="sun.awt.X11.XToolkit"/><property name="java.vm.info" value="mixed mode"/><property name="java.version" value="1.8.0_211"/><property name="java.ext.dirs" value="/usr/lib/jvm/jdk1.8.0_211/jre/lib/ext:/usr/java/packages/lib/ext"/><property name="sun.boot.class.path" value="/usr/lib/jvm/jdk1.8.0_211/jre/lib/resources.jar:/usr/lib/jvm/jdk1.8.0_211/jre/lib/rt.jar:/usr/lib/jvm/jdk1.8.0_211/jre/lib/sunrsasign.jar:/usr/lib/jvm/jdk1.8.0_211/jre/lib/jsse.jar:/usr/lib/jvm/jdk1.8.0_211/jre/lib/jce.jar:/usr/lib/jvm/jdk1.8.0_211/jre/lib/charsets.jar:/usr/lib/jvm/jdk1.8.0_211/jre/lib/jfr.jar:/usr/lib/jvm/jdk1.8.0_211/jre/classes"/><property name="java.vendor" value="Oracle Corporation"/><property name="file.separator" value="/"/><property name="java.vendor.url.bug" value="http://bugreport.sun.com/bugreport/"/><property name="sun.io.unicode.encoding" value="UnicodeLittle"/><property name="sun.cpu.endian" value="little"/><property name="sbt.script" value="/usr/bin/sbt"/><property name="sun.cpu.isalist" value=""/>
    </properties>
                     <testcase classname="io.projectglow.tertiary.VariantUtilExprsSuite" name="simple cases" time="0.04">
                                                 
                                               </testcase><testcase classname="io.projectglow.tertiary.VariantUtilExprsSuite" name="-1 if any -1 appears in call array" time="0.023">
                                                 
                                               </testcase><testcase classname="io.projectglow.tertiary.VariantUtilExprsSuite" name="-1 if call array is empty" time="0.022">
                                                 
                                               </testcase><testcase classname="io.projectglow.tertiary.VariantUtilExprsSuite" name="variant type (TestCase(,,Unknown))" time="0.0">
                                                 
                                               </testcase><testcase classname="io.projectglow.tertiary.VariantUtilExprsSuite" name="variant type (TestCase(ACG,ATG,Transition))" time="0.0">
                                                 
                                               </testcase><testcase classname="io.projectglow.tertiary.VariantUtilExprsSuite" name="variant type (TestCase(AG,ATG,Insertion))" time="0.0">
                                                 
                                               </testcase><testcase classname="io.projectglow.tertiary.VariantUtilExprsSuite" name="variant type (TestCase(AG,ATCTCAG,Insertion))" time="0.0">
                                                 
                                               </testcase><testcase classname="io.projectglow.tertiary.VariantUtilExprsSuite" name="variant type (TestCase(ATG,A,Deletion))" time="0.0">
                                                 
                                               </testcase><testcase classname="io.projectglow.tertiary.VariantUtilExprsSuite" name="variant type (TestCase(ACTGGGG,AG,Deletion))" time="0.001">
                                                 
                                               </testcase><testcase classname="io.projectglow.tertiary.VariantUtilExprsSuite" name="variant type (TestCase(A,*,SpanningDeletion))" time="0.0">
                                                 
                                               </testcase><testcase classname="io.projectglow.tertiary.VariantUtilExprsSuite" name="variant type (TestCase(A,C,Transversion))" time="0.0">
                                                 
                                               </testcase><testcase classname="io.projectglow.tertiary.VariantUtilExprsSuite" name="variant type (TestCase(A,G,Transition))" time="0.0">
                                                 
                                               </testcase><testcase classname="io.projectglow.tertiary.VariantUtilExprsSuite" name="variant type (TestCase(A,T,Transversion))" time="0.0">
                                                 
                                               </testcase><testcase classname="io.projectglow.tertiary.VariantUtilExprsSuite" name="variant type (TestCase(C,A,Transversion))" time="0.0">
                                                 
                                               </testcase><testcase classname="io.projectglow.tertiary.VariantUtilExprsSuite" name="variant type (TestCase(C,G,Transversion))" time="0.0">
                                                 
                                               </testcase><testcase classname="io.projectglow.tertiary.VariantUtilExprsSuite" name="variant type (TestCase(C,T,Transition))" time="0.001">
                                                 
                                               </testcase><testcase classname="io.projectglow.tertiary.VariantUtilExprsSuite" name="variant type (TestCase(G,A,Transition))" time="0.0">
                                                 
                                               </testcase><testcase classname="io.projectglow.tertiary.VariantUtilExprsSuite" name="variant type (TestCase(G,C,Transversion))" time="0.0">
                                                 
                                               </testcase><testcase classname="io.projectglow.tertiary.VariantUtilExprsSuite" name="variant type (TestCase(G,T,Transversion))" time="0.0">
                                                 
                                               </testcase><testcase classname="io.projectglow.tertiary.VariantUtilExprsSuite" name="variant type (TestCase(T,A,Transversion))" time="0.0">
                                                 
                                               </testcase><testcase classname="io.projectglow.tertiary.VariantUtilExprsSuite" name="variant type (TestCase(T,C,Transition))" time="0.0">
                                                 
                                               </testcase><testcase classname="io.projectglow.tertiary.VariantUtilExprsSuite" name="variant type (TestCase(T,G,Transversion))" time="0.0">
                                                 
                                               </testcase><testcase classname="io.projectglow.tertiary.VariantUtilExprsSuite" name="add struct field has correct schema" time="0.008">
                                                 
                                               </testcase><testcase classname="io.projectglow.tertiary.VariantUtilExprsSuite" name="add struct field has correct values" time="0.047">
                                                 
                                               </testcase><testcase classname="io.projectglow.tertiary.VariantUtilExprsSuite" name="hard calls (unphased)" time="0.058">
                                                 
                                               </testcase><testcase classname="io.projectglow.tertiary.VariantUtilExprsSuite" name="hard calls (unphased, below threshold)" time="0.035">
                                                 
                                               </testcase><testcase classname="io.projectglow.tertiary.VariantUtilExprsSuite" name="hard calls (phased, 1 below threshold)" time="0.042">
                                                 
                                               </testcase><testcase classname="io.projectglow.tertiary.VariantUtilExprsSuite" name="hard calls (phased, lower threshold)" time="0.033">
                                                 
                                               </testcase><testcase classname="io.projectglow.tertiary.VariantUtilExprsSuite" name="hard calls (phased, 2 alts)" time="0.035">
                                                 
                                               </testcase><testcase classname="io.projectglow.tertiary.VariantUtilExprsSuite" name="hard calls (phased 2 alts (2))" time="0.036">
                                                 
                                               </testcase><testcase classname="io.projectglow.tertiary.VariantUtilExprsSuite" name="hard calls (unphased, lower threshold)" time="0.034">
                                                 
                                               </testcase><testcase classname="io.projectglow.tertiary.VariantUtilExprsSuite" name="hard calls (unphased, 2 alts)" time="0.035">
                                                 
                                               </testcase><testcase classname="io.projectglow.tertiary.VariantUtilExprsSuite" name="hard calls (unphased, 2 alts (2))" time="0.035">
                                                 
                                               </testcase><testcase classname="io.projectglow.tertiary.VariantUtilExprsSuite" name="hard calls (unphased, 3 alts)" time="0.034">
                                                 
                                               </testcase><testcase classname="io.projectglow.tertiary.VariantUtilExprsSuite" name="hard calls (null probabilities)" time="0.035">
                                                 
                                               </testcase><testcase classname="io.projectglow.tertiary.VariantUtilExprsSuite" name="hard calls (null num alts)" time="0.036">
                                                 
                                               </testcase><testcase classname="io.projectglow.tertiary.VariantUtilExprsSuite" name="hard calls (null phasing)" time="0.036">
                                                 
                                               </testcase><testcase classname="io.projectglow.tertiary.VariantUtilExprsSuite" name="hard calls casts input" time="0.061">
                                                 
                                               </testcase><testcase classname="io.projectglow.tertiary.VariantUtilExprsSuite" name="hard calls threshold must be constant" time="0.006">
                                                 
                                               </testcase><testcase classname="io.projectglow.tertiary.VariantUtilExprsSuite" name="to/from sparse vector (List())" time="0.085">
                                                 
                                               </testcase><testcase classname="io.projectglow.tertiary.VariantUtilExprsSuite" name="0))" time="0.045">
                                                 
                                               </testcase><testcase classname="io.projectglow.tertiary.VariantUtilExprsSuite" name="to/from sparse vector (List(Infinity, -Infinity, NaN))" time="0.051">
                                                 
                                               </testcase><testcase classname="io.projectglow.tertiary.VariantUtilExprsSuite" name="14159))" time="0.046">
                                                 
                                               </testcase><testcase classname="io.projectglow.tertiary.VariantUtilExprsSuite" name="to/from dense vector (List())" time="0.057">
                                                 
                                               </testcase><testcase classname="io.projectglow.tertiary.VariantUtilExprsSuite" name="0))" time="0.039">
                                                 
                                               </testcase><testcase classname="io.projectglow.tertiary.VariantUtilExprsSuite" name="to/from dense vector (List(Infinity, -Infinity, NaN))" time="0.04">
                                                 
                                               </testcase><testcase classname="io.projectglow.tertiary.VariantUtilExprsSuite" name="14159))" time="0.04">
                                                 
                                               </testcase><testcase classname="io.projectglow.tertiary.VariantUtilExprsSuite" name="cast input when converting to vector" time="0.038">
                                                 
                                               </testcase><testcase classname="io.projectglow.tertiary.VariantUtilExprsSuite" name="0  ))" time="0.043">
                                                 
                                               </testcase><testcase classname="io.projectglow.tertiary.VariantUtilExprsSuite" name="0  ))" time="0.019">
                                                 
                                               </testcase><testcase classname="io.projectglow.tertiary.VariantUtilExprsSuite" name="0))" time="0.019">
                                                 
                                               </testcase><testcase classname="io.projectglow.tertiary.VariantUtilExprsSuite" name="0))" time="0.019">
                                                 
                                               </testcase><testcase classname="io.projectglow.tertiary.VariantUtilExprsSuite" name="explode matrix (null)" time="0.048">
                                                 
                                               </testcase><testcase classname="io.projectglow.tertiary.VariantUtilExprsSuite" name="subset struct" time="0.035">
                                                 
                                               </testcase><testcase classname="io.projectglow.tertiary.VariantUtilExprsSuite" name="expand struct only works on structs" time="0.004">
                                                 
                                               </testcase><testcase classname="io.projectglow.tertiary.VariantUtilExprsSuite" name="expand struct scala" time="0.043">
                                                 
                                               </testcase>
                     <system-out><![CDATA[]]></system-out>
                     <system-err><![CDATA[]]></system-err>
                   </testsuite>