<?xml version='1.0' encoding='UTF-8'?>
<testsuite hostname="cloud122" name="io.projectglow.transformers.LiftOverVariantsTransformerSuite" tests="17" errors="0" failures="0" skipped="0" time="9.539" timestamp="2023-11-03T13:37:27">
                     <properties>
      <property name="jline.esc.timeout" value="0"/><property name="jna.platform.library.path" value="/usr/lib/x86_64-linux-gnu:/lib/x86_64-linux-gnu:/lib64:/usr/lib:/lib:/usr/lib/x86_64-linux-gnu/libfakeroot"/><property name="java.runtime.name" value="Java(TM) SE Runtime Environment"/><property name="sun.boot.library.path" value="/usr/lib/jvm/jdk1.8.0_211/jre/lib/amd64"/><property name="java.vm.version" value="25.211-b12"/><property name="java.vm.vendor" value="Oracle Corporation"/><property name="java.vendor.url" value="http://java.oracle.com/"/><property name="path.separator" value=":"/><property name="jna.loaded" value="true"/><property name="java.vm.name" value="Java HotSpot(TM) 64-Bit Server VM"/><property name="file.encoding.pkg" value="sun.io"/><property name="user.country" value="US"/><property name="sun.java.launcher" value="SUN_STANDARD"/><property name="sun.os.patch.level" value="unknown"/><property name="jna.nosys" value="true"/><property name="java.vm.specification.name" value="Java Virtual Machine Specification"/><property name="user.dir" value="/home/gsd/gyosa/glow"/><property name="java.runtime.version" value="1.8.0_211-b12"/><property name="java.awt.graphicsenv" value="sun.awt.X11GraphicsEnvironment"/><property name="java.endorsed.dirs" value="/usr/lib/jvm/jdk1.8.0_211/jre/lib/endorsed"/><property name="os.arch" value="amd64"/><property name="java.io.tmpdir" value="/tmp"/><property name="line.separator" value="
"/><property name="java.vm.specification.vendor" value="Oracle Corporation"/><property name="java.util.logging.manager" value="wvlet.log.AirframeLogManager"/><property name="log4j.ignoreTCL" value="true"/><property name="os.name" value="Linux"/><property name="sun.jnu.encoding" value="ISO-8859-1"/><property name="jnidispatch.path" value="/tmp/jna-102648/jna1976320173356081238.tmp"/><property name="java.library.path" value="/usr/java/packages/lib/amd64:/usr/lib64:/lib64:/lib:/usr/lib"/><property name="java.specification.name" value="Java Platform API Specification"/><property name="java.class.version" value="52.0"/><property name="sun.management.compiler" value="HotSpot 64-Bit Tiered Compilers"/><property name="os.version" value="4.15.0-202-generic"/><property name="swoval.tmpdir" value="/home/gsd/.sbt/1.0"/><property name="user.home" value="/home/gsd"/><property name="user.timezone" value="Europe/Lisbon"/><property name="java.awt.printerjob" value="sun.print.PSPrinterJob"/><property name="file.encoding" value="UTF-8"/><property name="java.specification.version" value="1.8"/><property name="java.class.path" value="/home/gsd/.cache/sbt/boot/sbt-launch/1.8.2/sbt-launch-1.8.2.jar"/><property name="user.name" value="gsd"/><property name="jline.shutdownhook" value="false"/><property name="java.vm.specification.version" value="1.8"/><property name="sun.java.command" value="/home/gsd/.cache/sbt/boot/sbt-launch/1.8.2/sbt-launch-1.8.2.jar"/><property name="java.home" value="/usr/lib/jvm/jdk1.8.0_211/jre"/><property name="sun.arch.data.model" value="64"/><property name="user.language" value="en"/><property name="java.specification.vendor" value="Oracle Corporation"/><property name="awt.toolkit" value="sun.awt.X11.XToolkit"/><property name="java.vm.info" value="mixed mode"/><property name="java.version" value="1.8.0_211"/><property name="java.ext.dirs" value="/usr/lib/jvm/jdk1.8.0_211/jre/lib/ext:/usr/java/packages/lib/ext"/><property name="sun.boot.class.path" value="/usr/lib/jvm/jdk1.8.0_211/jre/lib/resources.jar:/usr/lib/jvm/jdk1.8.0_211/jre/lib/rt.jar:/usr/lib/jvm/jdk1.8.0_211/jre/lib/sunrsasign.jar:/usr/lib/jvm/jdk1.8.0_211/jre/lib/jsse.jar:/usr/lib/jvm/jdk1.8.0_211/jre/lib/jce.jar:/usr/lib/jvm/jdk1.8.0_211/jre/lib/charsets.jar:/usr/lib/jvm/jdk1.8.0_211/jre/lib/jfr.jar:/usr/lib/jvm/jdk1.8.0_211/jre/classes"/><property name="java.vendor" value="Oracle Corporation"/><property name="file.separator" value="/"/><property name="java.vendor.url.bug" value="http://bugreport.sun.com/bugreport/"/><property name="sun.io.unicode.encoding" value="UnicodeLittle"/><property name="sun.cpu.endian" value="little"/><property name="sbt.script" value="/usr/bin/sbt"/><property name="sun.cpu.isalist" value=""/>
    </properties>
                     <testcase classname="io.projectglow.transformers.LiftOverVariantsTransformerSuite" name="Basic" time="2.369">
                                                 
                                               </testcase><testcase classname="io.projectglow.transformers.LiftOverVariantsTransformerSuite" name="Some failures" time="2.302">
                                                 
                                               </testcase><testcase classname="io.projectglow.transformers.LiftOverVariantsTransformerSuite" name="Don't change original fields" time="1.104">
                                                 
                                               </testcase><testcase classname="io.projectglow.transformers.LiftOverVariantsTransformerSuite" name="Try lifting with insufficient fields, drop StructField(contigName,StringType,true)" time="0.005">
                                                 
                                               </testcase><testcase classname="io.projectglow.transformers.LiftOverVariantsTransformerSuite" name="Try lifting with insufficient fields, drop StructField(start,LongType,true)" time="0.004">
                                                 
                                               </testcase><testcase classname="io.projectglow.transformers.LiftOverVariantsTransformerSuite" name="Try lifting with insufficient fields, drop StructField(end,LongType,true)" time="0.004">
                                                 
                                               </testcase><testcase classname="io.projectglow.transformers.LiftOverVariantsTransformerSuite" name="Try lifting with insufficient fields, drop StructField(referenceAllele,StringType,true)" time="0.004">
                                                 
                                               </testcase><testcase classname="io.projectglow.transformers.LiftOverVariantsTransformerSuite" name="vcf" time="0.428">
                                                 
                                               </testcase><testcase classname="io.projectglow.transformers.LiftOverVariantsTransformerSuite" name="vcf" time="0.373">
                                                 
                                               </testcase><testcase classname="io.projectglow.transformers.LiftOverVariantsTransformerSuite" name="vcf" time="0.43">
                                                 
                                               </testcase><testcase classname="io.projectglow.transformers.LiftOverVariantsTransformerSuite" name="Simple indels" time="0.482">
                                                 
                                               </testcase><testcase classname="io.projectglow.transformers.LiftOverVariantsTransformerSuite" name="Indel flip" time="0.407">
                                                 
                                               </testcase><testcase classname="io.projectglow.transformers.LiftOverVariantsTransformerSuite" name="Missing chain file" time="0.059">
                                                 
                                               </testcase><testcase classname="io.projectglow.transformers.LiftOverVariantsTransformerSuite" name="Missing reference file" time="0.201">
                                                 
                                               </testcase><testcase classname="io.projectglow.transformers.LiftOverVariantsTransformerSuite" name="No matching refseq" time="0.457">
                                                 
                                               </testcase><testcase classname="io.projectglow.transformers.LiftOverVariantsTransformerSuite" name="Reverse complemented bases don't match new reference" time="0.448">
                                                 
                                               </testcase><testcase classname="io.projectglow.transformers.LiftOverVariantsTransformerSuite" name="Arrays flipped during ref/alt swap" time="0.462">
                                                 
                                               </testcase>
                     <system-out><![CDATA[]]></system-out>
                     <system-err><![CDATA[]]></system-err>
                   </testsuite>